INFO  Using log config file: jar:file:/opt/homebrew/Cellar/ghidra/12.1/libexec/Ghidra/Framework/Generic/lib/Generic.jar!/generic.log4j.xml (LoggingInitialization)  
INFO  Using log file: /Users/miker/Library/ghidra/ghidra_12.1_PUBLIC/application.log (LoggingInitialization)  
INFO  Loading user preferences: /Users/miker/Library/ghidra/ghidra_12.1_PUBLIC/preferences (Preferences)  
INFO  Searching for classes... (ClassSearcher)  
INFO  Class search complete (631 ms) (ClassSearcher)  
INFO  Initializing SSL Context (DefaultSSLContextInitializer)  
INFO  Initializing Random Number Generator... (SecureRandomFactory)  
INFO  Random Number Generator initialization complete: NativePRNGNonBlocking (SecureRandomFactory)  
INFO  Trust manager disabled, cacerts have not been set (DefaultTrustManagerFactory)  
INFO  Headless startup complete (1495 ms) (AnalyzeHeadless)  
INFO  Class searcher loaded 59 extension points (20 false positives) (ClassSearcher)  
INFO  HEADLESS Script Paths:
    /opt/homebrew/Cellar/ghidra/12.1/libexec/Ghidra/Features/SwiftDemangler/ghidra_scripts
    /opt/homebrew/Cellar/ghidra/12.1/libexec/Ghidra/Processors/8051/ghidra_scripts
    /opt/homebrew/Cellar/ghidra/12.1/libexec/Ghidra/Features/BSim/ghidra_scripts
    /opt/homebrew/Cellar/ghidra/12.1/libexec/Ghidra/Features/VersionTracking/ghidra_scripts
    /Users/miker/code/homebridge-stick-de3/tools/ghidra
    /opt/homebrew/Cellar/ghidra/12.1/libexec/Ghidra/Features/GnuDemangler/ghidra_scripts
    /opt/homebrew/Cellar/ghidra/12.1/libexec/Ghidra/Features/DecompilerDependent/ghidra_scripts
    /opt/homebrew/Cellar/ghidra/12.1/libexec/Ghidra/Features/FunctionID/ghidra_scripts
    /opt/homebrew/Cellar/ghidra/12.1/libexec/Ghidra/Features/SystemEmulation/ghidra_scripts
    /opt/homebrew/Cellar/ghidra/12.1/libexec/Ghidra/Processors/Atmel/ghidra_scripts
    /opt/homebrew/Cellar/ghidra/12.1/libexec/Ghidra/Processors/PIC/ghidra_scripts
    /opt/homebrew/Cellar/ghidra/12.1/libexec/Ghidra/Debug/Debugger/ghidra_scripts
    /opt/homebrew/Cellar/ghidra/12.1/libexec/Ghidra/Features/PyGhidra/ghidra_scripts
    /opt/homebrew/Cellar/ghidra/12.1/libexec/Ghidra/Features/Decompiler/ghidra_scripts
    /opt/homebrew/Cellar/ghidra/12.1/libexec/Ghidra/Debug/Debugger-rmi-trace/ghidra_scripts
    /opt/homebrew/Cellar/ghidra/12.1/libexec/Ghidra/Features/WildcardAssembler/ghidra_scripts
    /opt/homebrew/Cellar/ghidra/12.1/libexec/Ghidra/Features/FileFormats/ghidra_scripts
    /opt/homebrew/Cellar/ghidra/12.1/libexec/Ghidra/Processors/JVM/ghidra_scripts
    /opt/homebrew/Cellar/ghidra/12.1/libexec/Ghidra/Features/Base/ghidra_scripts
    /opt/homebrew/Cellar/ghidra/12.1/libexec/Ghidra/Features/BytePatterns/ghidra_scripts
    /opt/homebrew/Cellar/ghidra/12.1/libexec/Ghidra/Features/PDB/ghidra_scripts
    /opt/homebrew/Cellar/ghidra/12.1/libexec/Ghidra/Processors/DATA/ghidra_scripts
    /opt/homebrew/Cellar/ghidra/12.1/libexec/Ghidra/Features/MicrosoftCodeAnalyzer/ghidra_scripts (HeadlessAnalyzer)  
INFO  HEADLESS: execution starts (HeadlessAnalyzer)  
INFO  Opening existing project: /Users/miker/code/homebridge-stick-de3/tools/ghidra/HwmESA2 (HeadlessAnalyzer)  
INFO  Opening project: /Users/miker/code/homebridge-stick-de3/tools/ghidra/HwmESA2 (HeadlessProject)  
INFO  REPORT: Processing project file: /HardwareManager (HeadlessAnalyzer)  
INFO  REPORT: Execute script: dump-011c-callers.py  (HeadlessAnalyzer)  
INFO  SCRIPT: /Users/miker/code/homebridge-stick-de3/tools/ghidra/dump-011c-callers.py (HeadlessAnalyzer)  
dumping handler-related functions ...
finding vtable[+0xe8] load sites ...
e8 displacement sites: 494
searching for byte pattern FF 90 E8 00 00 00 (call [reg+0xe8]) ...
found 0 call-via-[reg+0xe8] sites
dump-011c-callers: done -> /Users/miker/code/homebridge-stick-de3/tools/ghidra/out-011c-callers
INFO  REPORT: Save succeeded for processed file: /HardwareManager (HeadlessAnalyzer)  
Last used Python executable: ['/Users/miker/Library/ghidra/ghidra_12.1_PUBLIC/venv/bin/python3']
Using Python command: "/Users/miker/Library/ghidra/ghidra_12.1_PUBLIC/venv/bin/python3"
Switching to Ghidra virtual environment: /Users/miker/Library/ghidra/ghidra_12.1_PUBLIC/venv
